<?xml version="1.0" encoding="UTF-8" ?>
<testsuite failures="0" time="0.001" errors="0" skipped="0" tests="8" name="GameMap.GroundFactoryTest">
  <properties>
    <property name="java.runtime.name" value="Java(TM) SE Runtime Environment"/>
    <property name="sun.boot.library.path" value="C:\Program Files\Java\jdk1.6.0_03\jre\bin"/>
    <property name="java.vm.version" value="1.6.0_03-b05"/>
    <property name="java.vm.vendor" value="Sun Microsystems Inc."/>
    <property name="java.vendor.url" value="http://java.sun.com/"/>
    <property name="path.separator" value=";"/>
    <property name="guice.disable.misplaced.annotation.check" value="true"/>
    <property name="java.vm.name" value="Java HotSpot(TM) Client VM"/>
    <property name="file.encoding.pkg" value="sun.io"/>
    <property name="idea.launcher.port" value="7532"/>
    <property name="user.country" value="CN"/>
    <property name="sun.java.launcher" value="SUN_STANDARD"/>
    <property name="sun.os.patch.level" value=""/>
    <property name="java.vm.specification.name" value="Java Virtual Machine Specification"/>
    <property name="user.dir" value="D:\RichWork"/>
    <property name="java.runtime.version" value="1.6.0_03-b05"/>
    <property name="java.awt.graphicsenv" value="sun.awt.Win32GraphicsEnvironment"/>
    <property name="java.endorsed.dirs" value="C:\Program Files\Java\jdk1.6.0_03\jre\lib\endorsed"/>
    <property name="os.arch" value="x86"/>
    <property name="java.io.tmpdir" value="C:\Users\SHMILY~1\AppData\Local\Temp\"/>
    <property name="line.separator" value="
"/>
    <property name="java.vm.specification.vendor" value="Sun Microsystems Inc."/>
    <property name="user.variant" value=""/>
    <property name="os.name" value="Windows Vista"/>
    <property name="classworlds.conf" value="E:\Program Files\win7\apache-maven-3.0.4\bin\m2.conf"/>
    <property name="sun.jnu.encoding" value="GBK"/>
    <property name="java.library.path" value="C:\Program Files\Java\jdk1.6.0_03\bin;.;C:\Windows\Sun\Java\bin;C:\Windows\system32;C:\Windows;E:\Program Files\win7\IntelliJ IDEA 12.0.4\bin\..\.\bin;D:\oracle_client\instantclient_10_2\bin;C:\Program Files\Common Files\NetSarang;C:\Program Files\NVIDIA Corporation\PhysX\Common;C:\Windows\system32;C:\Windows;C:\Windows\System32\Wbem;C:\Windows\System32\WindowsPowerShell\v1.0\;C:\Program Files\Java\jdk1.6.0_03\bin;C:\Program Files\Java\jdk1.6.0_03\jre\bin;C:\Program Files\Microsoft SQL Server\100\Tools\Binn\;C:\Program Files\Microsoft SQL Server\100\DTS\Binn\;C:\Program Files\Common Files\Thunder Network\KanKan\Codecs;E:\Program Files\win7\MATLAB\MATLAB Compiler Runtime\v714\runtime\win32;C:\Program Files\MySQL\MySQL Server 5.1\bin;E:\Program Files\win7\TortoiseSVN\bin;C:\Program Files\Microsoft SQL Server\100\Tools\Binn\VSShell\Common7\IDE\;E:\shortcuts;E:\Program Files\win7\Rational\ClearQuest;E:\Program Files\win7\MATLAB\R2010b\runtime\win32;E:\Program Files\win7\MATLAB\R2010b\bin;E:\Program Files\win7\Wind\Wind.NET.Client\WindNET\bin\;E:\PROGRA~1\win7\Wind\WINDNE~1.CLI\WindNET\bin\;E:\Program Files\win7\Rational\common;E:\Program Files\win7\Wind\bin\;E:\PROGRA~1\win7\Wind\bin\;E:\Program Files\win7\apache-maven-3.0.4\bin;C:\Program Files\QuickTime\QTSystem\;E:\Program Files\win7\Git\bin;e:\program files\win7\intellij idea 12.0.4\jre\jre\bin"/>
    <property name="java.specification.name" value="Java Platform API Specification"/>
    <property name="java.class.version" value="50.0"/>
    <property name="sun.management.compiler" value="HotSpot Client Compiler"/>
    <property name="os.version" value="6.1"/>
    <property name="user.home" value="C:\Users\shmilyhoney"/>
    <property name="user.timezone" value="Asia/Shanghai"/>
    <property name="java.awt.printerjob" value="sun.awt.windows.WPrinterJob"/>
    <property name="java.specification.version" value="1.6"/>
    <property name="file.encoding" value="UTF-8"/>
    <property name="idea.launcher.bin.path" value="E:\Program Files\win7\IntelliJ IDEA 12.0.4\bin"/>
    <property name="user.name" value="shmilyhoney"/>
    <property name="java.class.path" value="E:\Program Files\win7\apache-maven-3.0.4\boot\plexus-classworlds-2.4.jar;E:\Program Files\win7\IntelliJ IDEA 12.0.4\lib\idea_rt.jar"/>
    <property name="java.vm.specification.version" value="1.0"/>
    <property name="sun.arch.data.model" value="32"/>
    <property name="java.home" value="C:\Program Files\Java\jdk1.6.0_03\jre"/>
    <property name="java.specification.vendor" value="Sun Microsystems Inc."/>
    <property name="user.language" value="zh"/>
    <property name="awt.toolkit" value="sun.awt.windows.WToolkit"/>
    <property name="java.vm.info" value="mixed mode, sharing"/>
    <property name="java.version" value="1.6.0_03"/>
    <property name="java.ext.dirs" value="C:\Program Files\Java\jdk1.6.0_03\jre\lib\ext;C:\Windows\Sun\Java\lib\ext"/>
    <property name="sun.boot.class.path" value="C:\Program Files\Java\jdk1.6.0_03\jre\lib\resources.jar;C:\Program Files\Java\jdk1.6.0_03\jre\lib\rt.jar;C:\Program Files\Java\jdk1.6.0_03\jre\lib\sunrsasign.jar;C:\Program Files\Java\jdk1.6.0_03\jre\lib\jsse.jar;C:\Program Files\Java\jdk1.6.0_03\jre\lib\jce.jar;C:\Program Files\Java\jdk1.6.0_03\jre\lib\charsets.jar;C:\Program Files\Java\jdk1.6.0_03\jre\classes"/>
    <property name="java.vendor" value="Sun Microsystems Inc."/>
    <property name="maven.home" value="E:\Program Files\win7\apache-maven-3.0.4"/>
    <property name="file.separator" value="\"/>
    <property name="java.vendor.url.bug" value="http://java.sun.com/cgi-bin/bugreport.cgi"/>
    <property name="sun.cpu.endian" value="little"/>
    <property name="sun.io.unicode.encoding" value="UnicodeLittle"/>
    <property name="sun.desktop" value="windows"/>
    <property name="sun.cpu.isalist" value="pentium_pro+mmx pentium_pro pentium+mmx pentium i486 i386 i86"/>
  </properties>
  <testcase time="0" classname="GameMap.GroundFactoryTest" name="shouldBuildPrisonGround"/>
  <testcase time="0" classname="GameMap.GroundFactoryTest" name="shouldBuildEmptyGroundWithPrice"/>
  <testcase time="0" classname="GameMap.GroundFactoryTest" name="shouldBuildStartGround"/>
  <testcase time="0" classname="GameMap.GroundFactoryTest" name="shouldBuildHospitalGround"/>
  <testcase time="0" classname="GameMap.GroundFactoryTest" name="shouldBuildToyGround"/>
  <testcase time="0" classname="GameMap.GroundFactoryTest" name="shouldBuildGiftGround"/>
  <testcase time="0" classname="GameMap.GroundFactoryTest" name="shouldBuildMagicGround"/>
  <testcase time="0.001" classname="GameMap.GroundFactoryTest" name="shouldBuildMoneyGround"/>
</testsuite>